ERROR - 2023-11-29 10:40:25 --> Error connecting to the database: mysqli_sql_exception: No connection could be made because the target machine actively refused it in D:\app\xampp\htdocs\TUGAS-PBKK-CRUD\vendor\codeigniter4\framework\system\Database\MySQLi\Connection.php:184
Stack trace:
#0 D:\app\xampp\htdocs\TUGAS-PBKK-CRUD\vendor\codeigniter4\framework\system\Database\MySQLi\Connection.php(184): mysqli->real_connect('127.0.0.1', 'root', Object(SensitiveParameterValue), 'crud_pbkk', 4306, '', 0)
#1 D:\app\xampp\htdocs\TUGAS-PBKK-CRUD\vendor\codeigniter4\framework\system\Database\BaseConnection.php(392): CodeIgniter\Database\MySQLi\Connection->connect(false)
#2 D:\app\xampp\htdocs\TUGAS-PBKK-CRUD\vendor\codeigniter4\framework\system\Database\BaseConnection.php(575): CodeIgniter\Database\BaseConnection->initialize()
#3 D:\app\xampp\htdocs\TUGAS-PBKK-CRUD\vendor\codeigniter4\framework\system\Database\BaseConnection.php(1410): CodeIgniter\Database\BaseConnection->query('SHOW TABLES FRO...')
#4 D:\app\xampp\htdocs\TUGAS-PBKK-CRUD\vendor\codeigniter4\framework\system\Database\BaseConnection.php(1429): CodeIgniter\Database\BaseConnection->listTables()
#5 D:\app\xampp\htdocs\TUGAS-PBKK-CRUD\vendor\codeigniter4\framework\system\Database\MigrationRunner.php(764): CodeIgniter\Database\BaseConnection->tableExists('migrations')
#6 D:\app\xampp\htdocs\TUGAS-PBKK-CRUD\vendor\codeigniter4\framework\system\Database\MigrationRunner.php(168): CodeIgniter\Database\MigrationRunner->ensureTable()
#7 D:\app\xampp\htdocs\TUGAS-PBKK-CRUD\vendor\codeigniter4\framework\system\Commands\Database\Migrate.php(84): CodeIgniter\Database\MigrationRunner->latest(NULL)
#8 D:\app\xampp\htdocs\TUGAS-PBKK-CRUD\vendor\codeigniter4\framework\system\CLI\Commands.php(65): CodeIgniter\Commands\Database\Migrate->run(Array)
#9 D:\app\xampp\htdocs\TUGAS-PBKK-CRUD\vendor\codeigniter4\framework\system\CLI\Console.php(46): CodeIgniter\CLI\Commands->run('migrate', Array)
#10 D:\app\xampp\htdocs\TUGAS-PBKK-CRUD\spark(102): CodeIgniter\CLI\Console->run()
#11 {main}

Next CodeIgniter\Database\Exceptions\DatabaseException: No connection could be made because the target machine actively refused it in D:\app\xampp\htdocs\TUGAS-PBKK-CRUD\vendor\codeigniter4\framework\system\Database\MySQLi\Connection.php:229
Stack trace:
#0 D:\app\xampp\htdocs\TUGAS-PBKK-CRUD\vendor\codeigniter4\framework\system\Database\BaseConnection.php(392): CodeIgniter\Database\MySQLi\Connection->connect(false)
#1 D:\app\xampp\htdocs\TUGAS-PBKK-CRUD\vendor\codeigniter4\framework\system\Database\BaseConnection.php(575): CodeIgniter\Database\BaseConnection->initialize()
#2 D:\app\xampp\htdocs\TUGAS-PBKK-CRUD\vendor\codeigniter4\framework\system\Database\BaseConnection.php(1410): CodeIgniter\Database\BaseConnection->query('SHOW TABLES FRO...')
#3 D:\app\xampp\htdocs\TUGAS-PBKK-CRUD\vendor\codeigniter4\framework\system\Database\BaseConnection.php(1429): CodeIgniter\Database\BaseConnection->listTables()
#4 D:\app\xampp\htdocs\TUGAS-PBKK-CRUD\vendor\codeigniter4\framework\system\Database\MigrationRunner.php(764): CodeIgniter\Database\BaseConnection->tableExists('migrations')
#5 D:\app\xampp\htdocs\TUGAS-PBKK-CRUD\vendor\codeigniter4\framework\system\Database\MigrationRunner.php(168): CodeIgniter\Database\MigrationRunner->ensureTable()
#6 D:\app\xampp\htdocs\TUGAS-PBKK-CRUD\vendor\codeigniter4\framework\system\Commands\Database\Migrate.php(84): CodeIgniter\Database\MigrationRunner->latest(NULL)
#7 D:\app\xampp\htdocs\TUGAS-PBKK-CRUD\vendor\codeigniter4\framework\system\CLI\Commands.php(65): CodeIgniter\Commands\Database\Migrate->run(Array)
#8 D:\app\xampp\htdocs\TUGAS-PBKK-CRUD\vendor\codeigniter4\framework\system\CLI\Console.php(46): CodeIgniter\CLI\Commands->run('migrate', Array)
#9 D:\app\xampp\htdocs\TUGAS-PBKK-CRUD\spark(102): CodeIgniter\CLI\Console->run()
#10 {main}
